<?xml version="1.0" encoding="UTF-8"?>
<!-- Generated by org.testng.reporters.JUnitReportReporter -->
<testsuite skipped="0" hostname="USER-Bilgisayar" name="suites.trendyol.ui.UITest" tests="3" failures="0" timestamp="11 Mar 2019 00:08:42 GMT" time="60.308" errors="0">
  <testcase name="getProductToBasket" time="28.722" classname="suites.trendyol.ui.UITest"/>
  <testcase name="login" time="18.670" classname="suites.trendyol.ui.UITest"/>
  <testcase name="productImageTest" time="12.916" classname="suites.trendyol.ui.UITest"/>
</testsuite> <!-- suites.trendyol.ui.UITest -->
